.\Debug\01_顺序表.ilk
.\Debug\01_顺序表.pdb
E:\Git_Code\DataStructure\01_顺序表\.\Debug\01_顺序表.exe
E:\Git_Code\DataStructure\01_顺序表\.\Debug\01_顺序表.exe.intermediate.manifest
E:\GIT_CODE\DATASTRUCTURE\01_顺序表\DEBUG\01_顺序表.EXE
E:\GIT_CODE\DATASTRUCTURE\01_顺序表\DEBUG\01_顺序表.EXE.EMBED.MANIFEST
E:\GIT_CODE\DATASTRUCTURE\01_顺序表\DEBUG\01_顺序表.EXE.EMBED.MANIFEST.RES
E:\GIT_CODE\DATASTRUCTURE\01_顺序表\DEBUG\01_顺序表.EXE.INTERMEDIATE.MANIFEST
E:\GIT_CODE\DATASTRUCTURE\01_顺序表\DEBUG\01_顺序表.ILK
E:\GIT_CODE\DATASTRUCTURE\01_顺序表\DEBUG\01_顺序表.PDB
E:\Git_Code\DataStructure\01_顺序表\Debug\01_顺序表.vcxprojResolveAssemblyReference.cache
E:\Git_Code\DataStructure\01_顺序表\Debug\01_顺序表.write.1.tlog
E:\Git_Code\DataStructure\01_顺序表\Debug\01_顺序表_manifest.rc
E:\Git_Code\DataStructure\01_顺序表\Debug\cl.command.1.tlog
E:\Git_Code\DataStructure\01_顺序表\Debug\CL.read.1.tlog
E:\Git_Code\DataStructure\01_顺序表\Debug\CL.write.1.tlog
E:\Git_Code\DataStructure\01_顺序表\Debug\link.11476.read.1.tlog
E:\Git_Code\DataStructure\01_顺序表\Debug\link.11476.write.1.tlog
E:\Git_Code\DataStructure\01_顺序表\Debug\link.11476-cvtres.read.1.tlog
E:\Git_Code\DataStructure\01_顺序表\Debug\link.11476-cvtres.write.1.tlog
E:\Git_Code\DataStructure\01_顺序表\Debug\link.13224.read.1.tlog
E:\Git_Code\DataStructure\01_顺序表\Debug\link.13224.write.1.tlog
E:\Git_Code\DataStructure\01_顺序表\Debug\link.13224-cvtres.read.1.tlog
E:\Git_Code\DataStructure\01_顺序表\Debug\link.13224-cvtres.write.1.tlog
E:\Git_Code\DataStructure\01_顺序表\Debug\link.15064.read.1.tlog
E:\Git_Code\DataStructure\01_顺序表\Debug\link.15064.write.1.tlog
E:\Git_Code\DataStructure\01_顺序表\Debug\link.15064-cvtres.read.1.tlog
E:\Git_Code\DataStructure\01_顺序表\Debug\link.15064-cvtres.write.1.tlog
E:\Git_Code\DataStructure\01_顺序表\Debug\link.17260.read.1.tlog
E:\Git_Code\DataStructure\01_顺序表\Debug\link.17260.write.1.tlog
E:\Git_Code\DataStructure\01_顺序表\Debug\link.17260-cvtres.read.1.tlog
E:\Git_Code\DataStructure\01_顺序表\Debug\link.17260-cvtres.write.1.tlog
E:\Git_Code\DataStructure\01_顺序表\Debug\link.19656.read.1.tlog
E:\Git_Code\DataStructure\01_顺序表\Debug\link.19656.write.1.tlog
E:\Git_Code\DataStructure\01_顺序表\Debug\link.19656-cvtres.read.1.tlog
E:\Git_Code\DataStructure\01_顺序表\Debug\link.19656-cvtres.write.1.tlog
E:\Git_Code\DataStructure\01_顺序表\Debug\link.2916.read.1.tlog
E:\Git_Code\DataStructure\01_顺序表\Debug\link.2916.write.1.tlog
E:\Git_Code\DataStructure\01_顺序表\Debug\link.2916-cvtres.read.1.tlog
E:\Git_Code\DataStructure\01_顺序表\Debug\link.2916-cvtres.write.1.tlog
E:\Git_Code\DataStructure\01_顺序表\Debug\link.29504.read.1.tlog
E:\Git_Code\DataStructure\01_顺序表\Debug\link.29504.write.1.tlog
E:\Git_Code\DataStructure\01_顺序表\Debug\link.29504-cvtres.read.1.tlog
E:\Git_Code\DataStructure\01_顺序表\Debug\link.29504-cvtres.write.1.tlog
E:\Git_Code\DataStructure\01_顺序表\Debug\link.30940.read.1.tlog
E:\Git_Code\DataStructure\01_顺序表\Debug\link.30940.write.1.tlog
E:\Git_Code\DataStructure\01_顺序表\Debug\link.30940-cvtres.read.1.tlog
E:\Git_Code\DataStructure\01_顺序表\Debug\link.30940-cvtres.write.1.tlog
E:\Git_Code\DataStructure\01_顺序表\Debug\link.31120.read.1.tlog
E:\Git_Code\DataStructure\01_顺序表\Debug\link.31120.write.1.tlog
E:\Git_Code\DataStructure\01_顺序表\Debug\link.31120-cvtres.read.1.tlog
E:\Git_Code\DataStructure\01_顺序表\Debug\link.31120-cvtres.write.1.tlog
E:\Git_Code\DataStructure\01_顺序表\Debug\link.36248.read.1.tlog
E:\Git_Code\DataStructure\01_顺序表\Debug\link.36248.write.1.tlog
E:\Git_Code\DataStructure\01_顺序表\Debug\link.36248-cvtres.read.1.tlog
E:\Git_Code\DataStructure\01_顺序表\Debug\link.36248-cvtres.write.1.tlog
E:\Git_Code\DataStructure\01_顺序表\Debug\link.37756.read.1.tlog
E:\Git_Code\DataStructure\01_顺序表\Debug\link.37756.write.1.tlog
E:\Git_Code\DataStructure\01_顺序表\Debug\link.37756-cvtres.read.1.tlog
E:\Git_Code\DataStructure\01_顺序表\Debug\link.37756-cvtres.write.1.tlog
E:\Git_Code\DataStructure\01_顺序表\Debug\link.40868.read.1.tlog
E:\Git_Code\DataStructure\01_顺序表\Debug\link.40868.write.1.tlog
E:\Git_Code\DataStructure\01_顺序表\Debug\link.40868-cvtres.read.1.tlog
E:\Git_Code\DataStructure\01_顺序表\Debug\link.40868-cvtres.write.1.tlog
E:\Git_Code\DataStructure\01_顺序表\Debug\link.6448.read.1.tlog
E:\Git_Code\DataStructure\01_顺序表\Debug\link.6448.write.1.tlog
E:\Git_Code\DataStructure\01_顺序表\Debug\link.6448-cvtres.read.1.tlog
E:\Git_Code\DataStructure\01_顺序表\Debug\link.6448-cvtres.write.1.tlog
E:\Git_Code\DataStructure\01_顺序表\Debug\link.6620.read.1.tlog
E:\Git_Code\DataStructure\01_顺序表\Debug\link.6620.write.1.tlog
E:\Git_Code\DataStructure\01_顺序表\Debug\link.6620-cvtres.read.1.tlog
E:\Git_Code\DataStructure\01_顺序表\Debug\link.6620-cvtres.write.1.tlog
E:\Git_Code\DataStructure\01_顺序表\Debug\link.7104.read.1.tlog
E:\Git_Code\DataStructure\01_顺序表\Debug\link.7104.write.1.tlog
E:\Git_Code\DataStructure\01_顺序表\Debug\link.7104-cvtres.read.1.tlog
E:\Git_Code\DataStructure\01_顺序表\Debug\link.7104-cvtres.write.1.tlog
E:\Git_Code\DataStructure\01_顺序表\Debug\link.8596.read.1.tlog
E:\Git_Code\DataStructure\01_顺序表\Debug\link.8596.write.1.tlog
E:\Git_Code\DataStructure\01_顺序表\Debug\link.8596-cvtres.read.1.tlog
E:\Git_Code\DataStructure\01_顺序表\Debug\link.8596-cvtres.write.1.tlog
E:\Git_Code\DataStructure\01_顺序表\Debug\link.command.1.tlog
E:\Git_Code\DataStructure\01_顺序表\Debug\link.read.1.tlog
E:\Git_Code\DataStructure\01_顺序表\Debug\link.write.1.tlog
E:\Git_Code\DataStructure\01_顺序表\Debug\link-cvtres.read.1.tlog
E:\Git_Code\DataStructure\01_顺序表\Debug\link-cvtres.write.1.tlog
E:\Git_Code\DataStructure\01_顺序表\Debug\mt.command.1.tlog
E:\Git_Code\DataStructure\01_顺序表\Debug\mt.read.1.tlog
E:\Git_Code\DataStructure\01_顺序表\Debug\mt.write.1.tlog
E:\Git_Code\DataStructure\01_顺序表\Debug\rc.command.1.tlog
E:\Git_Code\DataStructure\01_顺序表\Debug\rc.read.1.tlog
E:\Git_Code\DataStructure\01_顺序表\Debug\rc.write.1.tlog
E:\GIT_CODE\DATASTRUCTURE\01_顺序表\DEBUG\TEST.OBJ
E:\Git_Code\DataStructure\01_顺序表\Debug\vc100.idb
E:\GIT_CODE\DATASTRUCTURE\01_顺序表\DEBUG\VC100.PDB
