.\Debug\02_单链表.ilk
.\Debug\02_单链表.pdb
E:\Git_Code\DataStructure\02_单链表\.\Debug\02_单链表.exe
E:\Git_Code\DataStructure\02_单链表\.\Debug\02_单链表.exe.intermediate.manifest
E:\GIT_CODE\DATASTRUCTURE\02_单链表\DEBUG\02_单链表.EXE
E:\GIT_CODE\DATASTRUCTURE\02_单链表\DEBUG\02_单链表.EXE.EMBED.MANIFEST
E:\GIT_CODE\DATASTRUCTURE\02_单链表\DEBUG\02_单链表.EXE.EMBED.MANIFEST.RES
E:\GIT_CODE\DATASTRUCTURE\02_单链表\DEBUG\02_单链表.EXE.INTERMEDIATE.MANIFEST
E:\GIT_CODE\DATASTRUCTURE\02_单链表\DEBUG\02_单链表.ILK
E:\GIT_CODE\DATASTRUCTURE\02_单链表\DEBUG\02_单链表.PDB
E:\Git_Code\DataStructure\02_单链表\Debug\02_单链表.vcxprojResolveAssemblyReference.cache
E:\Git_Code\DataStructure\02_单链表\Debug\02_单链表.write.1.tlog
E:\Git_Code\DataStructure\02_单链表\Debug\02_单链表_manifest.rc
E:\Git_Code\DataStructure\02_单链表\Debug\cl.command.1.tlog
E:\Git_Code\DataStructure\02_单链表\Debug\CL.read.1.tlog
E:\Git_Code\DataStructure\02_单链表\Debug\CL.write.1.tlog
E:\Git_Code\DataStructure\02_单链表\Debug\link.6460.read.1.tlog
E:\Git_Code\DataStructure\02_单链表\Debug\link.6460.write.1.tlog
E:\Git_Code\DataStructure\02_单链表\Debug\link.6460-cvtres.read.1.tlog
E:\Git_Code\DataStructure\02_单链表\Debug\link.6460-cvtres.write.1.tlog
E:\Git_Code\DataStructure\02_单链表\Debug\link.command.1.tlog
E:\Git_Code\DataStructure\02_单链表\Debug\link.read.1.tlog
E:\Git_Code\DataStructure\02_单链表\Debug\link.write.1.tlog
E:\Git_Code\DataStructure\02_单链表\Debug\link-cvtres.read.1.tlog
E:\Git_Code\DataStructure\02_单链表\Debug\link-cvtres.write.1.tlog
E:\Git_Code\DataStructure\02_单链表\Debug\mt.command.1.tlog
E:\Git_Code\DataStructure\02_单链表\Debug\mt.read.1.tlog
E:\Git_Code\DataStructure\02_单链表\Debug\mt.write.1.tlog
E:\Git_Code\DataStructure\02_单链表\Debug\rc.command.1.tlog
E:\Git_Code\DataStructure\02_单链表\Debug\rc.read.1.tlog
E:\Git_Code\DataStructure\02_单链表\Debug\rc.write.1.tlog
E:\GIT_CODE\DATASTRUCTURE\02_单链表\DEBUG\TEST.OBJ
E:\Git_Code\DataStructure\02_单链表\Debug\vc100.idb
E:\GIT_CODE\DATASTRUCTURE\02_单链表\DEBUG\VC100.PDB
